build/android/proj/libservice/build/intermediates/manifest_merge_blame_file/release/manifest-merger-blame-release-report.txt
1<?xml version="1.0" encoding="utf-8"?>
2<manifest xmlns:android="http://schemas.android.com/apk/res/android"
3    package="com.cocos.service"
4    android:versionCode="1"
5    android:versionName="1.0" >
6
7    <uses-sdk
8        android:minSdkVersion="21"
8-->proj\libservice\AndroidManifest.xml
9        android:targetSdkVersion="26" />
9-->proj\libservice\AndroidManifest.xml
10
11    <uses-permission android:name="android.permission.INTERNET" />
11-->proj\libservice\AndroidManifest.xml:3:5-66
11-->proj\libservice\AndroidManifest.xml:3:22-64
12    <uses-permission android:name="android.permission.ACCESS_FINE_LOCATION" />
12-->proj\libservice\AndroidManifest.xml:4:5-78
12-->proj\libservice\AndroidManifest.xml:4:22-76
13    <uses-permission android:name="android.permission.ACCESS_NETWORK_STATE" />
13-->proj\libservice\AndroidManifest.xml:5:5-78
13-->proj\libservice\AndroidManifest.xml:5:22-76
14
15</manifest>